Removed Pin From Net: NetName=GND Pin=R18-1
Removed Pin From Net: NetName=BOOT0 Pin=R18-2
Removed Pin From Net: NetName=T_RXD Pin=R19-1
Removed Pin From Net: NetName=P_RXD Pin=R19-2
Removed Pin From Net: NetName=T_TXD Pin=R20-1
Removed Pin From Net: NetName=P_TXD Pin=R20-2
Removed Pin From Net: NetName=T_MOSI Pin=R21-1
Removed Pin From Net: NetName=P_MOSI Pin=R21-2
Removed Pin From Net: NetName=T_SWO Pin=R22-1
Removed Pin From Net: NetName=P_SWO Pin=R22-2
Removed Pin From Net: NetName=T_NRST Pin=R23-1
Removed Pin From Net: NetName=P_NRST Pin=R23-2
Removed Pin From Net: NetName=T_JTMS Pin=R24-1
Removed Pin From Net: NetName=P_SWDIO Pin=R24-2
Removed Pin From Net: NetName=T_JTCK Pin=R25-1
Removed Pin From Net: NetName=P_SWCLK Pin=R25-2
Removed Member From Class: ClassName=ST-Link-V2.2 Member=R18
Removed Member From Class: ClassName=ST-Link-V2.2 Member=R19
Removed Member From Class: ClassName=ST-Link-V2.2 Member=R20
Removed Member From Class: ClassName=ST-Link-V2.2 Member=R21
Removed Member From Class: ClassName=ST-Link-V2.2 Member=R22
Removed Member From Class: ClassName=ST-Link-V2.2 Member=R23
Removed Member From Class: ClassName=ST-Link-V2.2 Member=R24
Removed Member From Class: ClassName=ST-Link-V2.2 Member=R25
Added Component: Designator=PZ1(AR0603*4)
Added Component: Designator=PZ2(AR0603*4)
Added Pin To Net: NetName=T_RXD Pin=PZ1-1
Added Pin To Net: NetName=T_TXD Pin=PZ1-2
Added Pin To Net: NetName=T_MOSI Pin=PZ1-3
Added Pin To Net: NetName=BOOT0 Pin=PZ1-4
Added Pin To Net: NetName=GND Pin=PZ1-5
Added Pin To Net: NetName=P_MOSI Pin=PZ1-6
Added Pin To Net: NetName=P_TXD Pin=PZ1-7
Added Pin To Net: NetName=P_RXD Pin=PZ1-8
Added Pin To Net: NetName=T_NRST Pin=PZ2-1
Added Pin To Net: NetName=T_JTCK Pin=PZ2-2
Added Pin To Net: NetName=T_SWO Pin=PZ2-3
Added Pin To Net: NetName=T_JTMS Pin=PZ2-4
Added Pin To Net: NetName=P_SWDIO Pin=PZ2-5
Added Pin To Net: NetName=P_SWO Pin=PZ2-6
Added Pin To Net: NetName=P_SWCLK Pin=PZ2-7
Added Pin To Net: NetName=P_NRST Pin=PZ2-8
Added Member To Class: ClassName=ST-Link-V2.2 Member=Component PZ1 1K
Added Member To Class: ClassName=ST-Link-V2.2 Member=Component PZ2 1K
Added Room: Name=ST-Link-V2.2
