Removed Pin From Net: NetName=NetD1_2 Pin=D1-2
Removed Pin From Net: NetName=NetD2_2 Pin=D2-2
Removed Pin From Net: NetName=NetD4_2 Pin=D4-2
Removed Pin From Net: NetName=BOOT0 Pin=PZ1-1
Removed Pin From Net: NetName=T_MOSI Pin=PZ1-2
Removed Pin From Net: NetName=T_TXD Pin=PZ1-3
Removed Pin From Net: NetName=T_RXD Pin=PZ1-4
Removed Pin From Net: NetName=P_RXD Pin=PZ1-5
Removed Pin From Net: NetName=P_TXD Pin=PZ1-6
Removed Pin From Net: NetName=P_MOSI Pin=PZ1-7
Removed Pin From Net: NetName=GND Pin=PZ1-8
Removed Pin From Net: NetName=T_JTMS Pin=PZ2-1
Removed Pin From Net: NetName=T_SWO Pin=PZ2-2
Removed Pin From Net: NetName=T_JTCK Pin=PZ2-3
Removed Pin From Net: NetName=T_NRST Pin=PZ2-4
Removed Pin From Net: NetName=P_NRST Pin=PZ2-5
Removed Pin From Net: NetName=P_SWCLK Pin=PZ2-6
Removed Pin From Net: NetName=P_SWO Pin=PZ2-7
Removed Pin From Net: NetName=P_SWDIO Pin=PZ2-8
Removed Pin From Net: NetName=NetR5_1 Pin=R5-1
Removed Pin From Net: NetName=3.3V Pin=R5-2
Removed Pin From Net: NetName=GND Pin=R6-1
Removed Pin From Net: NetName=NetR5_1 Pin=R6-2
Removed Pin From Net: NetName=TX_LED Pin=R8-1
Removed Pin From Net: NetName=NetD3_2 Pin=R8-2
Removed Pin From Net: NetName=NetD4_2 Pin=R9-1
Removed Pin From Net: NetName=STA_LED Pin=R9-2
Removed Pin From Net: NetName=RX_LED Pin=R10-1
Removed Pin From Net: NetName=NetD5_2 Pin=R10-2
Removed Pin From Net: NetName=GND Pin=R11-1
Removed Pin From Net: NetName=NetD1_2 Pin=R11-2
Removed Pin From Net: NetName=GND Pin=R12-1
Removed Pin From Net: NetName=NetD2_2 Pin=R12-2
Removed Pin From Net: NetName=NetR5_1 Pin=U2-10
Removed Pin From Net: NetName=TX_LED Pin=U2-45
Removed Pin From Net: NetName=RX_LED Pin=U2-46
Removed Member From Class: ClassName=ST-Link-V2.2 Member=R5
Removed Member From Class: ClassName=ST-Link-V2.2 Member=R6
Removed Member From Class: ClassName=ST-Link-V2.2 Member=R8
Removed Member From Class: ClassName=ST-Link-V2.2 Member=R9
Removed Member From Class: ClassName=ST-Link-V2.2 Member=R10
Removed Member From Class: ClassName=ST-Link-V2.2 Member=R11
Removed Member From Class: ClassName=ST-Link-V2.2 Member=R12
Change Component Description : Designator=D1 Old Description=LED 发光二 New Description=LED 发光二极管
Change Component Description : Designator=D4 Old Description=LED 发光二 New Description=LED 发光二极管
Change Component Description : Designator=J1 Old Description=USB接? New Description=USB接口
Change Component Description : Designator=R1 Old Description=贴片? New Description=贴片电阻
Change Component Description : Designator=R2 Old Description=贴片? New Description=贴片电阻
Change Component Description : Designator=R3 Old Description=贴片? New Description=贴片电阻
Change Component Description : Designator=R4 Old Description=贴片? New Description=贴片电阻
Change Component Description : Designator=R16 Old Description=贴片? New Description=贴片电阻
Change Component Description : Designator=R17 Old Description=贴片? New Description=贴片电阻
Change Component Description : Designator=Q1 Old Description=贴片三 New Description=贴片三极管
Added Component: Designator=PZ3(AR0603*4)
Added Component: Designator=PZ4(AR0603*4)
Added Pin To Net: NetName=TX_LED Pin=D1-2
Added Pin To Net: NetName=NetR5_1 Pin=D2-2
Added Pin To Net: NetName=RX_LED Pin=D4-2
Added Pin To Net: NetName=T_SWO Pin=PZ1-1
Added Pin To Net: NetName=T_JTCK Pin=PZ1-2
Added Pin To Net: NetName=T_NRST Pin=PZ1-3
Added Pin To Net: NetName=GND Pin=PZ1-4
Added Pin To Net: NetName=TX_LED Pin=PZ1-5
Added Pin To Net: NetName=P_NRST Pin=PZ1-6
Added Pin To Net: NetName=P_SWCLK Pin=PZ1-7
Added Pin To Net: NetName=P_SWO Pin=PZ1-8
Added Pin To Net: NetName=3.3V Pin=PZ2-1
Added Pin To Net: NetName=GND Pin=PZ2-2
Added Pin To Net: NetName=STA_LED Pin=PZ2-3
Added Pin To Net: NetName=T_JTMS Pin=PZ2-4
Added Pin To Net: NetName=P_SWDIO Pin=PZ2-5
Added Pin To Net: NetName=RX_LED Pin=PZ2-6
Added Pin To Net: NetName=NetD1_2 Pin=PZ2-7
Added Pin To Net: NetName=NetD1_2 Pin=PZ2-8
Added Pin To Net: NetName=T_TXD Pin=PZ3-1
Added Pin To Net: NetName=T_RXD Pin=PZ3-2
Added Pin To Net: NetName=NetD4_2 Pin=PZ3-3
Added Pin To Net: NetName=GND Pin=PZ3-4
Added Pin To Net: NetName=NetR5_1 Pin=PZ3-5
Added Pin To Net: NetName=NetD5_2 Pin=PZ3-6
Added Pin To Net: NetName=P_RXD Pin=PZ3-7
Added Pin To Net: NetName=P_TXD Pin=PZ3-8
Added Pin To Net: NetName=NetD2_2 Pin=PZ4-2
Added Pin To Net: NetName=BOOT0 Pin=PZ4-3
Added Pin To Net: NetName=T_MOSI Pin=PZ4-4
Added Pin To Net: NetName=P_MOSI Pin=PZ4-5
Added Pin To Net: NetName=GND Pin=PZ4-6
Added Pin To Net: NetName=NetD3_2 Pin=PZ4-7
Added Pin To Net: NetName=NetD1_2 Pin=U2-10
Added Pin To Net: NetName=NetD2_2 Pin=U2-45
Added Pin To Net: NetName=NetD4_2 Pin=U2-46
Change Net Name : Old Net Name=NetD1_2 New Net Name=WKUP
Change Net Name : Old Net Name=NetD2_2 New Net Name=TX_LED_P
Change Net Name : Old Net Name=NetD3_2 New Net Name=TX_LED_N
Change Net Name : Old Net Name=NetD4_2 New Net Name=RX_LED_P
Change Net Name : Old Net Name=NetD5_2 New Net Name=RX_LED_N
Change Net Name : Old Net Name=NetR5_1 New Net Name=LED_PWR
Change Net Name : Old Net Name=RX_LED New Net Name=LED2
Change Net Name : Old Net Name=TX_LED New Net Name=LED1
Added Member To Class: ClassName=ST-Link-V2.2 Member=Component PZ3 1K
Added Member To Class: ClassName=ST-Link-V2.2 Member=Component PZ4 1K
Added Room: Name=ST-Link-V2.2
