Change Component Footprint: Designator=D2 Old Footprint=3.2X1.6X1.1 New Footprint=SMT_LED_0603
Change Component Footprint: Designator=D3 Old Footprint=3.2X1.6X1.1 New Footprint=SMT_LED_0603
Change Component Footprint: Designator=D5 Old Footprint=3.2X1.6X1.1 New Footprint=SMT_LED_0603
Change Component Footprint: Designator=R5 Old Footprint=AXIAL-0.4 New Footprint=0603-1
Change Component Footprint: Designator=R6 Old Footprint=AXIAL-0.4 New Footprint=0603-1
Change Component Footprint: Designator=R7 Old Footprint=AXIAL-0.4 New Footprint=0603-1
Change Component Footprint: Designator=R8 Old Footprint=AXIAL-0.4 New Footprint=0603-1
Change Component Footprint: Designator=R9 Old Footprint=AXIAL-0.4 New Footprint=0603-1
Change Component Footprint: Designator=R10 Old Footprint=AXIAL-0.4 New Footprint=0603-1
Change Component Footprint: Designator=R11 Old Footprint=AXIAL-0.4 New Footprint=0603-1
Change Component Footprint: Designator=R12 Old Footprint=AXIAL-0.4 New Footprint=0603-1
Change Component Footprint: Designator=R13 Old Footprint=AXIAL-0.4 New Footprint=0603-1
Change Component Footprint: Designator=R14 Old Footprint=AXIAL-0.4 New Footprint=0603-1
Change Component Footprint: Designator=R15 Old Footprint=AXIAL-0.4 New Footprint=0603-1
Change Component Footprint: Designator=R18 Old Footprint=AXIAL-0.4 New Footprint=0603-1
Change Component Footprint: Designator=R19 Old Footprint=AXIAL-0.4 New Footprint=0603-1
Change Component Footprint: Designator=R20 Old Footprint=AXIAL-0.4 New Footprint=0603-1
Change Component Footprint: Designator=R21 Old Footprint=AXIAL-0.4 New Footprint=0603-1
Change Component Footprint: Designator=R22 Old Footprint=AXIAL-0.4 New Footprint=0603-1
Change Component Footprint: Designator=R23 Old Footprint=AXIAL-0.4 New Footprint=0603-1
Change Component Footprint: Designator=R24 Old Footprint=AXIAL-0.4 New Footprint=0603-1
Change Component Footprint: Designator=R25 Old Footprint=AXIAL-0.4 New Footprint=0603-1
Change Component Footprint: Designator=P1 Old Footprint=HDR1X5 New Footprint=HEADER 5
Change Component Footprint: Designator=P2 Old Footprint=HDR1X5 New Footprint=HEADER 5
Change Component Footprint: Designator=P3 Old Footprint=HDR1X5 New Footprint=HEADER 5
Change Component Footprint: Designator=C1 Old Footprint=RAD-0.3 New Footprint=C-0603
Change Component Footprint: Designator=C2 Old Footprint=RAD-0.3 New Footprint=C-0603
Change Component Footprint: Designator=C3 Old Footprint=RAD-0.3 New Footprint=C-0603
Change Component Footprint: Designator=C4 Old Footprint=RAD-0.3 New Footprint=C-0603
Change Component Footprint: Designator=C8 Old Footprint=RAD-0.3 New Footprint=C-0603
Added Room: Name=ST-Link-V2.2
