Added Component: Designator=C1(C-0603)
Added Component: Designator=C2(C-0603)
Added Component: Designator=C3(C-0603)
Added Component: Designator=C4(C-0603)
Added Component: Designator=C5(C-0603)
Added Component: Designator=C6(C-0603)
Added Component: Designator=C7(C-0603)
Added Component: Designator=C8(C-0603)
Added Component: Designator=C9(C-0603)
Added Component: Designator=C10(C-0603)
Added Component: Designator=C11(C-0603)
Added Component: Designator=D1(SMT_LED_0603)
Added Component: Designator=D2(SMT_LED_0603)
Added Component: Designator=D3(SMT_LED_0603)
Added Component: Designator=D4(SMT_LED_0603)
Added Component: Designator=D5(SMT_LED_0603)
Added Component: Designator=F1(0805-1)
Added Component: Designator=J1(USB-B)
Added Component: Designator=J2(USB_MICRO_5S_B)
Added Component: Designator=P1(SIP5-1.27)
Added Component: Designator=P2(HEADER 5)
Added Component: Designator=P3(HEADER 5)
Added Component: Designator=Q1(SOT23-3)
Added Component: Designator=R1(0603-1)
Added Component: Designator=R2(0603-1)
Added Component: Designator=R3(0603-1)
Added Component: Designator=R4(0603-1)
Added Component: Designator=R5(0603-1)
Added Component: Designator=R6(0603-1)
Added Component: Designator=R7(0603-1)
Added Component: Designator=R8(0603-1)
Added Component: Designator=R9(0603-1)
Added Component: Designator=R10(0603-1)
Added Component: Designator=R11(0603-1)
Added Component: Designator=R12(0603-1)
Added Component: Designator=R13(0603-1)
Added Component: Designator=R14(0603-1)
Added Component: Designator=R15(0603-1)
Added Component: Designator=R18(0603-1)
Added Component: Designator=R19(0603-1)
Added Component: Designator=R20(0603-1)
Added Component: Designator=R21(0603-1)
Added Component: Designator=R22(0603-1)
Added Component: Designator=R23(0603-1)
Added Component: Designator=R24(0603-1)
Added Component: Designator=R25(0603-1)
Added Component: Designator=U1(SOT23-5)
Added Component: Designator=U2(LQFP48_N)
Added Component: Designator=Y1(XAL5032 2-Leads)
Added Pin To Net: NetName=GND Pin=C1-1
Added Pin To Net: NetName=GND Pin=C2-1
Added Pin To Net: NetName=3.3V Pin=C2-2
Added Pin To Net: NetName=GND Pin=C3-1
Added Pin To Net: NetName=3.3V Pin=C3-2
Added Pin To Net: NetName=GND Pin=C4-1
Added Pin To Net: NetName=GND Pin=C5-1
Added Pin To Net: NetName=GND Pin=C6-1
Added Pin To Net: NetName=GND Pin=C7-1
Added Pin To Net: NetName=GND Pin=C8-1
Added Pin To Net: NetName=3.3V Pin=C8-2
Added Pin To Net: NetName=GND Pin=C9-1
Added Pin To Net: NetName=3.3V Pin=C9-2
Added Pin To Net: NetName=GND Pin=C10-1
Added Pin To Net: NetName=3.3V Pin=C10-2
Added Pin To Net: NetName=GND Pin=C11-1
Added Pin To Net: NetName=3.3V Pin=C11-2
Added Pin To Net: NetName=3.3V Pin=D2-1
Added Pin To Net: NetName=3.3V Pin=D3-1
Added Pin To Net: NetName=3.3V Pin=D4-1
Added Pin To Net: NetName=3.3V Pin=D5-1
Added Pin To Net: NetName=GND Pin=J1-4
Added Pin To Net: NetName=GND Pin=J1-5
Added Pin To Net: NetName=GND Pin=J1-6
Added Pin To Net: NetName=GND Pin=J2-5
Added Pin To Net: NetName=3.3V Pin=P1-1
Added Pin To Net: NetName=GND Pin=P1-5
Added Pin To Net: NetName=GND Pin=P3-1
Added Pin To Net: NetName=3.3V Pin=P3-5
Added Pin To Net: NetName=3.3V Pin=Q1-3
Added Pin To Net: NetName=GND Pin=R3-2
Added Pin To Net: NetName=3.3V Pin=R5-2
Added Pin To Net: NetName=GND Pin=R6-1
Added Pin To Net: NetName=3.3V Pin=R7-2
Added Pin To Net: NetName=GND Pin=R11-1
Added Pin To Net: NetName=GND Pin=R12-1
Added Pin To Net: NetName=GND Pin=R18-1
Added Pin To Net: NetName=GND Pin=U1-2
Added Pin To Net: NetName=3.3V Pin=U1-5
Added Pin To Net: NetName=3.3V Pin=U2-1
Added Pin To Net: NetName=GND Pin=U2-8
Added Pin To Net: NetName=3.3V Pin=U2-9
Added Pin To Net: NetName=GND Pin=U2-20
Added Pin To Net: NetName=GND Pin=U2-23
Added Pin To Net: NetName=3.3V Pin=U2-24
Added Pin To Net: NetName=GND Pin=U2-35
Added Pin To Net: NetName=3.3V Pin=U2-36
Added Pin To Net: NetName=GND Pin=U2-47
Added Pin To Net: NetName=3.3V Pin=U2-48
Added Pin To Net: NetName=5V Pin=C1-2
Added Pin To Net: NetName=5V Pin=F1-1
Added Pin To Net: NetName=5V Pin=P2-1
Added Pin To Net: NetName=5V Pin=R1-1
Added Pin To Net: NetName=5V Pin=U1-1
Added Pin To Net: NetName=5V Pin=U1-3
Added Net: Name=5V
Added Pin To Net: NetName=BOOT0 Pin=R18-2
Added Pin To Net: NetName=BOOT0 Pin=U2-44
Added Net: Name=BOOT0
Added Pin To Net: NetName=NetC4_2 Pin=C4-2
Added Pin To Net: NetName=NetC4_2 Pin=U1-4
Added Net: Name=NetC4_2
Added Pin To Net: NetName=NetC7_2 Pin=C7-2
Added Pin To Net: NetName=NetC7_2 Pin=U2-7
Added Net: Name=NetC7_2
Added Pin To Net: NetName=NetD1_2 Pin=D1-2
Added Pin To Net: NetName=NetD1_2 Pin=R11-2
Added Net: Name=NetD1_2
Added Pin To Net: NetName=NetD2_2 Pin=D2-2
Added Pin To Net: NetName=NetD2_2 Pin=R12-2
Added Net: Name=NetD2_2
Added Pin To Net: NetName=NetD3_2 Pin=D3-2
Added Pin To Net: NetName=NetD3_2 Pin=R8-2
Added Net: Name=NetD3_2
Added Pin To Net: NetName=NetD4_2 Pin=D4-2
Added Pin To Net: NetName=NetD4_2 Pin=R9-1
Added Net: Name=NetD4_2
Added Pin To Net: NetName=NetD5_2 Pin=D5-2
Added Pin To Net: NetName=NetD5_2 Pin=R10-2
Added Net: Name=NetD5_2
Added Pin To Net: NetName=NetQ1_1 Pin=Q1-1
Added Pin To Net: NetName=NetQ1_1 Pin=R1-2
Added Pin To Net: NetName=NetQ1_1 Pin=R2-1
Added Pin To Net: NetName=NetQ1_1 Pin=R3-1
Added Net: Name=NetQ1_1
Added Pin To Net: NetName=NetQ1_2 Pin=Q1-2
Added Pin To Net: NetName=NetQ1_2 Pin=R4-1
Added Net: Name=NetQ1_2
Added Pin To Net: NetName=NetR5_1 Pin=R5-1
Added Pin To Net: NetName=NetR5_1 Pin=R6-2
Added Pin To Net: NetName=NetR5_1 Pin=U2-10
Added Net: Name=NetR5_1
Added Pin To Net: NetName=NetR13_2 Pin=R13-2
Added Pin To Net: NetName=NetR13_2 Pin=U2-32
Added Net: Name=NetR13_2
Added Pin To Net: NetName=NetR14_2 Pin=R14-2
Added Pin To Net: NetName=NetR14_2 Pin=U2-33
Added Net: Name=NetR14_2
Added Pin To Net: NetName=NetR16_1 Pin=U2-2
Added Net: Name=NetR16_1
Added Pin To Net: NetName=NetR17_1 Pin=U2-3
Added Net: Name=NetR17_1
Added Pin To Net: NetName=OS_IN Pin=C5-2
Added Pin To Net: NetName=OS_IN Pin=U2-5
Added Pin To Net: NetName=OS_IN Pin=Y1-2
Added Net: Name=OS_IN
Added Pin To Net: NetName=OS_OUT Pin=C6-2
Added Pin To Net: NetName=OS_OUT Pin=U2-6
Added Pin To Net: NetName=OS_OUT Pin=Y1-1
Added Net: Name=OS_OUT
Added Pin To Net: NetName=P_MOSI Pin=P2-4
Added Pin To Net: NetName=P_MOSI Pin=R21-2
Added Net: Name=P_MOSI
Added Pin To Net: NetName=P_NRST Pin=P2-5
Added Pin To Net: NetName=P_NRST Pin=R23-2
Added Net: Name=P_NRST
Added Pin To Net: NetName=P_RXD Pin=P2-2
Added Pin To Net: NetName=P_RXD Pin=R19-2
Added Net: Name=P_RXD
Added Pin To Net: NetName=P_SWCLK Pin=P3-3
Added Pin To Net: NetName=P_SWCLK Pin=R25-2
Added Net: Name=P_SWCLK
Added Pin To Net: NetName=P_SWDIO Pin=P3-4
Added Pin To Net: NetName=P_SWDIO Pin=R24-2
Added Net: Name=P_SWDIO
Added Pin To Net: NetName=P_SWO Pin=P3-2
Added Pin To Net: NetName=P_SWO Pin=R22-2
Added Net: Name=P_SWO
Added Pin To Net: NetName=P_TXD Pin=P2-3
Added Pin To Net: NetName=P_TXD Pin=R20-2
Added Net: Name=P_TXD
Added Pin To Net: NetName=RX_LED Pin=R10-1
Added Pin To Net: NetName=RX_LED Pin=U2-46
Added Net: Name=RX_LED
Added Pin To Net: NetName=STA_LED Pin=D1-1
Added Pin To Net: NetName=STA_LED Pin=R9-2
Added Pin To Net: NetName=STA_LED Pin=U2-30
Added Net: Name=STA_LED
Added Pin To Net: NetName=SWCLK0 Pin=P1-3
Added Pin To Net: NetName=SWCLK0 Pin=U2-37
Added Net: Name=SWCLK0
Added Pin To Net: NetName=SWDIO0 Pin=P1-2
Added Pin To Net: NetName=SWDIO0 Pin=U2-34
Added Net: Name=SWDIO0
Added Pin To Net: NetName=SWO0 Pin=P1-4
Added Pin To Net: NetName=SWO0 Pin=R7-1
Added Pin To Net: NetName=SWO0 Pin=U2-39
Added Net: Name=SWO0
Added Pin To Net: NetName=T_JTCK Pin=R25-1
Added Pin To Net: NetName=T_JTCK Pin=U2-15
Added Pin To Net: NetName=T_JTCK Pin=U2-26
Added Net: Name=T_JTCK
Added Pin To Net: NetName=T_JTDI Pin=U2-17
Added Net: Name=T_JTDI
Added Pin To Net: NetName=T_JTDO Pin=U2-16
Added Net: Name=T_JTDO
Added Pin To Net: NetName=T_JTMS Pin=R15-1
Added Pin To Net: NetName=T_JTMS Pin=R24-1
Added Pin To Net: NetName=T_JTMS Pin=U2-27
Added Net: Name=T_JTMS
Added Pin To Net: NetName=T_MOSI Pin=R21-1
Added Pin To Net: NetName=T_MOSI Pin=U2-28
Added Net: Name=T_MOSI
Added Pin To Net: NetName=T_NRST Pin=R23-1
Added Pin To Net: NetName=T_NRST Pin=U2-18
Added Net: Name=T_NRST
Added Pin To Net: NetName=T_RXD Pin=R19-1
Added Pin To Net: NetName=T_RXD Pin=U2-13
Added Net: Name=T_RXD
Added Pin To Net: NetName=T_SWDIO_IN Pin=R15-2
Added Pin To Net: NetName=T_SWDIO_IN Pin=U2-25
Added Net: Name=T_SWDIO_IN
Added Pin To Net: NetName=T_SWO Pin=R22-1
Added Pin To Net: NetName=T_SWO Pin=U2-31
Added Net: Name=T_SWO
Added Pin To Net: NetName=T_TXD Pin=R20-1
Added Pin To Net: NetName=T_TXD Pin=U2-12
Added Net: Name=T_TXD
Added Pin To Net: NetName=TX_LED Pin=R8-1
Added Pin To Net: NetName=TX_LED Pin=U2-45
Added Net: Name=TX_LED
Added Pin To Net: NetName=TXD0 Pin=U2-21
Added Net: Name=TXD0
Added Pin To Net: NetName=USB_N Pin=J1-2
Added Pin To Net: NetName=USB_N Pin=J2-2
Added Pin To Net: NetName=USB_N Pin=R13-1
Added Net: Name=USB_N
Added Pin To Net: NetName=USB_P Pin=J1-3
Added Pin To Net: NetName=USB_P Pin=J2-3
Added Pin To Net: NetName=USB_P Pin=R4-2
Added Pin To Net: NetName=USB_P Pin=R14-1
Added Net: Name=USB_P
Added Pin To Net: NetName=USB_RENM Pin=R2-2
Added Pin To Net: NetName=USB_RENM Pin=U2-38
Added Net: Name=USB_RENM
Added Pin To Net: NetName=VBUS Pin=F1-2
Added Pin To Net: NetName=VBUS Pin=J1-1
Added Pin To Net: NetName=VBUS Pin=J2-1
Added Net: Name=VBUS
Change Class Name : Old Net Name=CP2110-GM_Demo_V2.0 New Net Name=ST-Link-V2.2
Added Differential Pair: Name=USB
Added Member To Class: ClassName=ST-Link-V2.2 Member=Component C1 Cap
Added Member To Class: ClassName=ST-Link-V2.2 Member=Component C2 Cap
Added Member To Class: ClassName=ST-Link-V2.2 Member=Component C3 Cap
Added Member To Class: ClassName=ST-Link-V2.2 Member=Component C4 Cap
Added Member To Class: ClassName=ST-Link-V2.2 Member=Component C5 Cap
Added Member To Class: ClassName=ST-Link-V2.2 Member=Component C6 Cap
Added Member To Class: ClassName=ST-Link-V2.2 Member=Component C7 Cap
Added Member To Class: ClassName=ST-Link-V2.2 Member=Component C8 Cap
Added Member To Class: ClassName=ST-Link-V2.2 Member=Component C9 Cap
Added Member To Class: ClassName=ST-Link-V2.2 Member=Component C10 Cap
Added Member To Class: ClassName=ST-Link-V2.2 Member=Component C11 Cap
Added Member To Class: ClassName=ST-Link-V2.2 Member=Component D1 LED
Added Member To Class: ClassName=ST-Link-V2.2 Member=Component D2 PWR
Added Member To Class: ClassName=ST-Link-V2.2 Member=Component D3 DIN
Added Member To Class: ClassName=ST-Link-V2.2 Member=Component D4 LED
Added Member To Class: ClassName=ST-Link-V2.2 Member=Component D5 DOUT
Added Member To Class: ClassName=ST-Link-V2.2 Member=Component F1 Fuse1
Added Member To Class: ClassName=ST-Link-V2.2 Member=Component J1 USB
Added Member To Class: ClassName=ST-Link-V2.2 Member=Component J2 USB_M
Added Member To Class: ClassName=ST-Link-V2.2 Member=Component P1 SWD
Added Member To Class: ClassName=ST-Link-V2.2 Member=Component P2 P_BOTTOM
Added Member To Class: ClassName=ST-Link-V2.2 Member=Component P3 P_TOP
Added Member To Class: ClassName=ST-Link-V2.2 Member=Component Q1 NPN
Added Member To Class: ClassName=ST-Link-V2.2 Member=Component R1 Res1
Added Member To Class: ClassName=ST-Link-V2.2 Member=Component R2 Res1
Added Member To Class: ClassName=ST-Link-V2.2 Member=Component R3 Res1
Added Member To Class: ClassName=ST-Link-V2.2 Member=Component R4 Res1
Added Member To Class: ClassName=ST-Link-V2.2 Member=Component R5 Res2
Added Member To Class: ClassName=ST-Link-V2.2 Member=Component R6 Res2
Added Member To Class: ClassName=ST-Link-V2.2 Member=Component R7 Res2
Added Member To Class: ClassName=ST-Link-V2.2 Member=Component R8 Res2
Added Member To Class: ClassName=ST-Link-V2.2 Member=Component R9 Res2
Added Member To Class: ClassName=ST-Link-V2.2 Member=Component R10 Res2
Added Member To Class: ClassName=ST-Link-V2.2 Member=Component R11 Res2
Added Member To Class: ClassName=ST-Link-V2.2 Member=Component R12 Res2
Added Member To Class: ClassName=ST-Link-V2.2 Member=Component R13 Res2
Added Member To Class: ClassName=ST-Link-V2.2 Member=Component R14 Res2
Added Member To Class: ClassName=ST-Link-V2.2 Member=Component R15 Res2
Added Member To Class: ClassName=ST-Link-V2.2 Member=Component R18 Res2
Added Member To Class: ClassName=ST-Link-V2.2 Member=Component R19 Res2
Added Member To Class: ClassName=ST-Link-V2.2 Member=Component R20 Res2
Added Member To Class: ClassName=ST-Link-V2.2 Member=Component R21 Res2
Added Member To Class: ClassName=ST-Link-V2.2 Member=Component R22 Res2
Added Member To Class: ClassName=ST-Link-V2.2 Member=Component R23 Res2
Added Member To Class: ClassName=ST-Link-V2.2 Member=Component R24 Res2
Added Member To Class: ClassName=ST-Link-V2.2 Member=Component R25 Res2
Added Member To Class: ClassName=ST-Link-V2.2 Member=Component U1 SPX3819
Added Member To Class: ClassName=ST-Link-V2.2 Member=Component U2 STM32F103CBT6
Added Member To Class: ClassName=ST-Link-V2.2 Member=Component Y1 8M
Added Room: Name=ST-Link-V2.2
