Removed Pin From Net: NetName=3.3V Pin=C1-2
Removed Pin From Net: NetName=3.3V Pin=F2-1
Removed Pin From Net: NetName=GND Pin=P-1
Removed Pin From Net: NetName=3.3V Pin=R1-2
Removed Pin From Net: NetName=GND Pin=RUN-2
Removed Pin From Net: NetName=3.3V Pin=RX-1
Removed Pin From Net: NetName=3.3V Pin=TX-1
Removed Pin From Net: NetName=3.3V Pin=U1-6
Removed Pin From Net: NetName=GND Pin=USB1-4
Change Component DesignItemId : Designator=U1 Old DesignItemId= New DesignItemId=SPX3819
Change Component DesignItemId : Designator=F1 Old DesignItemId=Res2 New DesignItemId=Fuse1
Change Component DesignItemId : Designator=R1 Old DesignItemId=Res2 New DesignItemId=Res1
Change Component DesignItemId : Designator=R2 Old DesignItemId=Res2 New DesignItemId=Res1
Change Component DesignItemId : Designator=R3 Old DesignItemId=Res2 New DesignItemId=Res1
Change Component DesignItemId : Designator=R4 Old DesignItemId=Res2 New DesignItemId=Res1
Change Component Footprint: Designator=U1 Old Footprint=qfn24 New Footprint=SOT23-5
Change Component Footprint: Designator=R5 Old Footprint=r0603 New Footprint=0603-1
Change Component Footprint: Designator=R6 Old Footprint=r0603 New Footprint=0603-1
Change Component Footprint: Designator=F1 Old Footprint=r0603 New Footprint=0805-1
Change Component Footprint: Designator=C1 Old Footprint=r0603 New Footprint=C-0603
Change Component Footprint: Designator=C2 Old Footprint=r0603 New Footprint=C-0603
Change Component Footprint: Designator=C3 Old Footprint=r0603 New Footprint=C-0603
Change Component Footprint: Designator=C4 Old Footprint=r0603 New Footprint=C-0603
Change Component Comment : Designator=C2 Old Comment=0.1uF New Comment=Cap
Change Component Comment : Designator=R2 Old Comment=1K New Comment=Res1
Change Component Comment : Designator=R3 Old Comment=1K New Comment=Res1
Change Component Comment : Designator=R4 Old Comment=1K New Comment=Res1
Change Component Comment : Designator=R5 Old Comment=1K New Comment=Res2
Change Component Comment : Designator=R6 Old Comment=1K New Comment=Res2
Change Component Comment : Designator=C3 Old Comment=1uF New Comment=Cap
Change Component Comment : Designator=C1 Old Comment=1~5uF New Comment=Cap
Change Component Comment : Designator=R1 Old Comment=4.7K New Comment=Res1
Change Component Comment : Designator=C4 Old Comment=4.7uF New Comment=Cap
Change Component Comment : Designator=F1 Old Comment=500mA New Comment=Fuse1
Change Component Comment : Designator=U1 Old Comment=CP2110-GM New Comment=SPX3819
Change Component Description : Designator=R1 Old Description=Resistor New Description=ÌùÆ¬µç×è
Change Component Description : Designator=R2 Old Description=Resistor New Description=ÌùÆ¬µç×è
Change Component Description : Designator=R3 Old Description=Resistor New Description=ÌùÆ¬µç×è
Change Component Description : Designator=R4 Old Description=Resistor New Description=ÌùÆ¬µç×è
Change Component Library : Designator=R1 Old Library=Miscellaneous Devices.IntLib New Library=Fszhang.IntLib
Change Component Library : Designator=R2 Old Library=Miscellaneous Devices.IntLib New Library=Fszhang.IntLib
Change Component Library : Designator=R3 Old Library=Miscellaneous Devices.IntLib New Library=Fszhang.IntLib
Change Component Library : Designator=R4 Old Library=Miscellaneous Devices.IntLib New Library=Fszhang.IntLib
Added Component: Designator=C5(C-0603)
Added Component: Designator=C6(C-0603)
Added Component: Designator=C7(C-0603)
Added Component: Designator=C8(C-0603)
Added Component: Designator=C9(C-0603)
Added Component: Designator=C10(C-0603)
Added Component: Designator=C11(C-0603)
Added Component: Designator=D1(SMT_LED_0603)
Added Component: Designator=D2(SMT_LED_0603)
Added Component: Designator=D3(SMT_LED_0603)
Added Component: Designator=D4(SMT_LED_0603)
Added Component: Designator=D5(SMT_LED_0603)
Added Component: Designator=J1(USB-B)
Added Component: Designator=J2(USB_MICRO_5S_B)
Added Component: Designator=P1(SIP5-1.27)
Added Component: Designator=P2(HEADER 5)
Added Component: Designator=P3(HEADER 5)
Added Component: Designator=R7(0603-1)
Added Component: Designator=R8(0603-1)
Added Component: Designator=R9(0603-1)
Added Component: Designator=R10(0603-1)
Added Component: Designator=R11(0603-1)
Added Component: Designator=R12(0603-1)
Added Component: Designator=R13(0603-1)
Added Component: Designator=R14(0603-1)
Added Component: Designator=R15(0603-1)
Added Component: Designator=R18(0603-1)
Added Component: Designator=R19(0603-1)
Added Component: Designator=R20(0603-1)
Added Component: Designator=R21(0603-1)
Added Component: Designator=R22(0603-1)
Added Component: Designator=R23(0603-1)
Added Component: Designator=R24(0603-1)
Added Component: Designator=R25(0603-1)
Added Component: Designator=U2(LQFP48_N)
Added Component: Designator=Y1(XAL5032 2-Leads)
Added Pin To Net: NetName=3.3V Pin=C3-2
Added Pin To Net: NetName=GND Pin=C5-1
Added Pin To Net: NetName=GND Pin=C6-1
Added Pin To Net: NetName=GND Pin=C7-1
Added Pin To Net: NetName=GND Pin=C8-1
Added Pin To Net: NetName=3.3V Pin=C8-2
Added Pin To Net: NetName=GND Pin=C9-1
Added Pin To Net: NetName=3.3V Pin=C9-2
Added Pin To Net: NetName=GND Pin=C10-1
Added Pin To Net: NetName=3.3V Pin=C10-2
Added Pin To Net: NetName=GND Pin=C11-1
Added Pin To Net: NetName=3.3V Pin=C11-2
Added Pin To Net: NetName=3.3V Pin=D2-1
Added Pin To Net: NetName=3.3V Pin=D3-1
Added Pin To Net: NetName=3.3V Pin=D4-1
Added Pin To Net: NetName=3.3V Pin=D5-1
Added Pin To Net: NetName=GND Pin=J1-4
Added Pin To Net: NetName=GND Pin=J1-5
Added Pin To Net: NetName=GND Pin=J1-6
Added Pin To Net: NetName=GND Pin=J2-5
Added Pin To Net: NetName=3.3V Pin=P1-1
Added Pin To Net: NetName=GND Pin=P1-5
Added Pin To Net: NetName=GND Pin=P3-1
Added Pin To Net: NetName=3.3V Pin=P3-5
Added Pin To Net: NetName=GND Pin=R3-2
Added Pin To Net: NetName=3.3V Pin=R5-2
Added Pin To Net: NetName=GND Pin=R6-1
Added Pin To Net: NetName=3.3V Pin=R7-2
Added Pin To Net: NetName=GND Pin=R11-1
Added Pin To Net: NetName=GND Pin=R12-1
Added Pin To Net: NetName=GND Pin=R18-1
Added Pin To Net: NetName=3.3V Pin=U2-1
Added Pin To Net: NetName=GND Pin=U2-8
Added Pin To Net: NetName=3.3V Pin=U2-9
Added Pin To Net: NetName=GND Pin=U2-20
Added Pin To Net: NetName=GND Pin=U2-23
Added Pin To Net: NetName=3.3V Pin=U2-24
Added Pin To Net: NetName=GND Pin=U2-35
Added Pin To Net: NetName=3.3V Pin=U2-36
Added Pin To Net: NetName=GND Pin=U2-47
Added Pin To Net: NetName=3.3V Pin=U2-48
Added Pin To Net: NetName=5V Pin=C1-2
Added Pin To Net: NetName=5V Pin=F1-1
Added Pin To Net: NetName=5V Pin=P2-1
Added Pin To Net: NetName=5V Pin=R1-1
Added Pin To Net: NetName=5V Pin=U1-1
Added Pin To Net: NetName=5V Pin=U1-3
Added Net: Name=5V
Added Pin To Net: NetName=BOOT0 Pin=R18-2
Added Pin To Net: NetName=BOOT0 Pin=U2-44
Added Net: Name=BOOT0
Added Pin To Net: NetName=NetC4_2 Pin=C4-2
Added Pin To Net: NetName=NetC4_2 Pin=U1-4
Added Net: Name=NetC4_2
Added Pin To Net: NetName=NetC7_2 Pin=C7-2
Added Pin To Net: NetName=NetC7_2 Pin=U2-7
Added Net: Name=NetC7_2
Added Pin To Net: NetName=NetD1_2 Pin=D1-2
Added Pin To Net: NetName=NetD1_2 Pin=R11-2
Added Net: Name=NetD1_2
Added Pin To Net: NetName=NetD2_2 Pin=D2-2
Added Pin To Net: NetName=NetD2_2 Pin=R12-2
Added Net: Name=NetD2_2
Added Pin To Net: NetName=NetD3_2 Pin=D3-2
Added Pin To Net: NetName=NetD3_2 Pin=R8-2
Added Net: Name=NetD3_2
Added Pin To Net: NetName=NetD4_2 Pin=D4-2
Added Pin To Net: NetName=NetD4_2 Pin=R9-1
Added Net: Name=NetD4_2
Added Pin To Net: NetName=NetD5_2 Pin=D5-2
Added Pin To Net: NetName=NetD5_2 Pin=R10-2
Added Net: Name=NetD5_2
Added Pin To Net: NetName=NetQ1_1 Pin=R1-2
Added Pin To Net: NetName=NetQ1_1 Pin=R2-1
Added Pin To Net: NetName=NetQ1_1 Pin=R3-1
Added Net: Name=NetQ1_1
Added Pin To Net: NetName=NetQ1_2 Pin=R4-1
Added Net: Name=NetQ1_2
Added Pin To Net: NetName=NetR5_1 Pin=R5-1
Added Pin To Net: NetName=NetR5_1 Pin=R6-2
Added Pin To Net: NetName=NetR5_1 Pin=U2-10
Added Net: Name=NetR5_1
Added Pin To Net: NetName=NetR13_2 Pin=R13-2
Added Pin To Net: NetName=NetR13_2 Pin=U2-32
Added Net: Name=NetR13_2
Added Pin To Net: NetName=NetR14_2 Pin=R14-2
Added Pin To Net: NetName=NetR14_2 Pin=U2-33
Added Net: Name=NetR14_2
Added Pin To Net: NetName=NetR16_1 Pin=U2-2
Added Net: Name=NetR16_1
Added Pin To Net: NetName=NetR17_1 Pin=U2-3
Added Net: Name=NetR17_1
Added Pin To Net: NetName=OS_IN Pin=C5-2
Added Pin To Net: NetName=OS_IN Pin=U2-5
Added Pin To Net: NetName=OS_IN Pin=Y1-2
Added Net: Name=OS_IN
Added Pin To Net: NetName=OS_OUT Pin=C6-2
Added Pin To Net: NetName=OS_OUT Pin=U2-6
Added Pin To Net: NetName=OS_OUT Pin=Y1-1
Added Net: Name=OS_OUT
Added Pin To Net: NetName=P_MOSI Pin=P2-4
Added Pin To Net: NetName=P_MOSI Pin=R21-2
Added Net: Name=P_MOSI
Added Pin To Net: NetName=P_NRST Pin=P2-5
Added Pin To Net: NetName=P_NRST Pin=R23-2
Added Net: Name=P_NRST
Added Pin To Net: NetName=P_RXD Pin=P2-2
Added Pin To Net: NetName=P_RXD Pin=R19-2
Added Net: Name=P_RXD
Added Pin To Net: NetName=P_SWCLK Pin=P3-3
Added Pin To Net: NetName=P_SWCLK Pin=R25-2
Added Net: Name=P_SWCLK
Added Pin To Net: NetName=P_SWDIO Pin=P3-4
Added Pin To Net: NetName=P_SWDIO Pin=R24-2
Added Net: Name=P_SWDIO
Added Pin To Net: NetName=P_SWO Pin=P3-2
Added Pin To Net: NetName=P_SWO Pin=R22-2
Added Net: Name=P_SWO
Added Pin To Net: NetName=P_TXD Pin=P2-3
Added Pin To Net: NetName=P_TXD Pin=R20-2
Added Net: Name=P_TXD
Added Pin To Net: NetName=RX_LED Pin=R10-1
Added Pin To Net: NetName=RX_LED Pin=U2-46
Added Net: Name=RX_LED
Added Pin To Net: NetName=STA_LED Pin=D1-1
Added Pin To Net: NetName=STA_LED Pin=R9-2
Added Pin To Net: NetName=STA_LED Pin=U2-30
Added Net: Name=STA_LED
Added Pin To Net: NetName=SWCLK0 Pin=P1-3
Added Pin To Net: NetName=SWCLK0 Pin=U2-37
Added Net: Name=SWCLK0
Added Pin To Net: NetName=SWDIO0 Pin=P1-2
Added Pin To Net: NetName=SWDIO0 Pin=U2-34
Added Net: Name=SWDIO0
Added Pin To Net: NetName=SWO0 Pin=P1-4
Added Pin To Net: NetName=SWO0 Pin=R7-1
Added Pin To Net: NetName=SWO0 Pin=U2-39
Added Net: Name=SWO0
Added Pin To Net: NetName=T_JTCK Pin=R25-1
Added Pin To Net: NetName=T_JTCK Pin=U2-15
Added Pin To Net: NetName=T_JTCK Pin=U2-26
Added Net: Name=T_JTCK
Added Pin To Net: NetName=T_JTDI Pin=U2-17
Added Net: Name=T_JTDI
Added Pin To Net: NetName=T_JTDO Pin=U2-16
Added Net: Name=T_JTDO
Added Pin To Net: NetName=T_JTMS Pin=R15-1
Added Pin To Net: NetName=T_JTMS Pin=R24-1
Added Pin To Net: NetName=T_JTMS Pin=U2-27
Added Net: Name=T_JTMS
Added Pin To Net: NetName=T_MOSI Pin=R21-1
Added Pin To Net: NetName=T_MOSI Pin=U2-28
Added Net: Name=T_MOSI
Added Pin To Net: NetName=T_NRST Pin=R23-1
Added Pin To Net: NetName=T_NRST Pin=U2-18
Added Net: Name=T_NRST
Added Pin To Net: NetName=T_RXD Pin=R19-1
Added Pin To Net: NetName=T_RXD Pin=U2-13
Added Net: Name=T_RXD
Added Pin To Net: NetName=T_SWDIO_IN Pin=R15-2
Added Pin To Net: NetName=T_SWDIO_IN Pin=U2-25
Added Net: Name=T_SWDIO_IN
Added Pin To Net: NetName=T_SWO Pin=R22-1
Added Pin To Net: NetName=T_SWO Pin=U2-31
Added Net: Name=T_SWO
Added Pin To Net: NetName=T_TXD Pin=R20-1
Added Pin To Net: NetName=T_TXD Pin=U2-12
Added Net: Name=T_TXD
Added Pin To Net: NetName=TX_LED Pin=R8-1
Added Pin To Net: NetName=TX_LED Pin=U2-45
Added Net: Name=TX_LED
Added Pin To Net: NetName=TXD0 Pin=U2-21
Added Net: Name=TXD0
Added Pin To Net: NetName=USB_N Pin=J1-2
Added Pin To Net: NetName=USB_N Pin=J2-2
Added Pin To Net: NetName=USB_N Pin=R13-1
Added Net: Name=USB_N
Added Pin To Net: NetName=USB_P Pin=J1-3
Added Pin To Net: NetName=USB_P Pin=J2-3
Added Pin To Net: NetName=USB_P Pin=R4-2
Added Pin To Net: NetName=USB_P Pin=R14-1
Added Net: Name=USB_P
Added Pin To Net: NetName=USB_RENM Pin=R2-2
Added Pin To Net: NetName=USB_RENM Pin=U2-38
Added Net: Name=USB_RENM
Added Pin To Net: NetName=VBUS Pin=F1-2
Added Pin To Net: NetName=VBUS Pin=J1-1
Added Pin To Net: NetName=VBUS Pin=J2-1
Added Net: Name=VBUS
Added Class: Name=ST-Link-V2.2
Added Differential Pair: Name=USB
Added Room: Name=ST-Link-V2.2
