Removed Pin From Net: NetName=SWO0 Pin=R7-1
Removed Pin From Net: NetName=3.3V Pin=R7-2
Removed Pin From Net: NetName=USB_N Pin=R13-1
Removed Pin From Net: NetName=NetR13_2 Pin=R13-2
Removed Pin From Net: NetName=USB_P Pin=R14-1
Removed Pin From Net: NetName=NetR14_2 Pin=R14-2
Removed Pin From Net: NetName=T_JTMS Pin=R15-1
Removed Pin From Net: NetName=T_SWDIO_IN Pin=R15-2
Removed Pin From Net: NetName=NetR13_2 Pin=U2-32
Removed Pin From Net: NetName=NetR14_2 Pin=U2-33
Removed Member From Class: ClassName=ST-Link-V2.2 Member=R7
Removed Member From Class: ClassName=ST-Link-V2.2 Member=R13
Removed Member From Class: ClassName=ST-Link-V2.2 Member=R14
Removed Member From Class: ClassName=ST-Link-V2.2 Member=R15
Change Component Description : Designator=D1 Old Description=LED 发光二 New Description=LED 发光二极管
Change Component Description : Designator=D4 Old Description=LED 发光二 New Description=LED 发光二极管
Change Component Description : Designator=J1 Old Description=USB接? New Description=USB接口
Change Component Description : Designator=F1 Old Description=保险 New Description=保险丝
Change Component Description : Designator=R1 Old Description=贴片? New Description=贴片电阻
Change Component Description : Designator=R2 Old Description=贴片? New Description=贴片电阻
Change Component Description : Designator=R3 Old Description=贴片? New Description=贴片电阻
Change Component Description : Designator=R4 Old Description=贴片? New Description=贴片电阻
Change Component Description : Designator=R16 Old Description=贴片? New Description=贴片电阻
Change Component Description : Designator=R17 Old Description=贴片? New Description=贴片电阻
Change Component Description : Designator=Q1 Old Description=贴片三 New Description=贴片三极管
Added Component: Designator=PZ0(AR0603*4)
Added Pin To Net: NetName=T_JTMS Pin=PZ0-1
Added Pin To Net: NetName=SWO0 Pin=PZ0-2
Added Pin To Net: NetName=USB_N Pin=PZ0-3
Added Pin To Net: NetName=USB_P Pin=PZ0-4
Added Pin To Net: NetName=NetR13_2 Pin=PZ0-5
Added Pin To Net: NetName=NetR14_2 Pin=PZ0-6
Added Pin To Net: NetName=3.3V Pin=PZ0-7
Added Pin To Net: NetName=T_SWDIO_IN Pin=PZ0-8
Added Pin To Net: NetName=NetR14_2 Pin=U2-32
Added Pin To Net: NetName=NetR13_2 Pin=U2-33
Change Net Name : Old Net Name=NetR13_2 New Net Name=USB_P_MCU
Change Net Name : Old Net Name=NetR14_2 New Net Name=USB_N_MCU
Added Member To Class: ClassName=ST-Link-V2.2 Member=Component PZ0 1K
Added Room: Name=ST-Link-V2.2
