Removed Pin From Net: NetName=5V Pin=P2-1
Removed Pin From Net: NetName=GND Pin=P2-2
Removed Pin From Net: NetName=P_NRST Pin=P2-3
Removed Pin From Net: NetName=P_MOSI Pin=P2-4
Removed Pin From Net: NetName=P_RXD Pin=P2-5
Removed Pin From Net: NetName=P_TXD Pin=P3-1
Removed Pin From Net: NetName=P_SWO Pin=P3-2
Removed Pin From Net: NetName=P_SWCLK Pin=P3-3
Removed Pin From Net: NetName=P_SWDIO Pin=P3-4
Removed Pin From Net: NetName=3.3V Pin=P3-5
Added Pin To Net: NetName=P_SWCLK Pin=P2-1
Added Pin To Net: NetName=P_SWDIO Pin=P2-2
Added Pin To Net: NetName=GND Pin=P2-3
Added Pin To Net: NetName=P_RXD Pin=P2-4
Added Pin To Net: NetName=P_TXD Pin=P2-5
Added Pin To Net: NetName=P_MOSI Pin=P3-1
Added Pin To Net: NetName=5V Pin=P3-2
Added Pin To Net: NetName=3.3V Pin=P3-3
Added Pin To Net: NetName=P_SWO Pin=P3-4
Added Pin To Net: NetName=P_NRST Pin=P3-5
Added Room: Name=ST-Link-V2.2
