Change Component Footprint: Designator=R5 Old Footprint=0603-1 New Footprint=AXIAL-0.4
Change Component Footprint: Designator=R6 Old Footprint=0603-1 New Footprint=AXIAL-0.4
Change Component Footprint: Designator=R7 Old Footprint=0603-1 New Footprint=AXIAL-0.4
Change Component Footprint: Designator=R8 Old Footprint=0603-1 New Footprint=AXIAL-0.4
Change Component Footprint: Designator=R9 Old Footprint=0603-1 New Footprint=AXIAL-0.4
Change Component Footprint: Designator=R10 Old Footprint=0603-1 New Footprint=AXIAL-0.4
Change Component Footprint: Designator=R11 Old Footprint=0603-1 New Footprint=AXIAL-0.4
Change Component Footprint: Designator=R12 Old Footprint=0603-1 New Footprint=AXIAL-0.4
Change Component Footprint: Designator=R13 Old Footprint=0603-1 New Footprint=AXIAL-0.4
Change Component Footprint: Designator=R14 Old Footprint=0603-1 New Footprint=AXIAL-0.4
Change Component Footprint: Designator=R15 Old Footprint=0603-1 New Footprint=AXIAL-0.4
Change Component Footprint: Designator=R18 Old Footprint=0603-1 New Footprint=AXIAL-0.4
Change Component Footprint: Designator=R19 Old Footprint=0603-1 New Footprint=AXIAL-0.4
Change Component Footprint: Designator=R20 Old Footprint=0603-1 New Footprint=AXIAL-0.4
Change Component Footprint: Designator=R21 Old Footprint=0603-1 New Footprint=AXIAL-0.4
Change Component Footprint: Designator=R22 Old Footprint=0603-1 New Footprint=AXIAL-0.4
Change Component Footprint: Designator=R23 Old Footprint=0603-1 New Footprint=AXIAL-0.4
Change Component Footprint: Designator=R24 Old Footprint=0603-1 New Footprint=AXIAL-0.4
Change Component Footprint: Designator=R25 Old Footprint=0603-1 New Footprint=AXIAL-0.4
Change Component Footprint: Designator=C1 Old Footprint=C-0603 New Footprint=RAD-0.3
Change Component Footprint: Designator=C2 Old Footprint=C-0603 New Footprint=RAD-0.3
Change Component Footprint: Designator=C3 Old Footprint=C-0603 New Footprint=RAD-0.3
Change Component Footprint: Designator=C4 Old Footprint=C-0603 New Footprint=RAD-0.3
Change Component Footprint: Designator=C8 Old Footprint=C-0603 New Footprint=RAD-0.3
Change Component Footprint: Designator=P2 Old Footprint=HEADER 5 New Footprint=HDR1X5
Change Component Footprint: Designator=P3 Old Footprint=HEADER 5 New Footprint=HDR1X5
Change Component Footprint: Designator=P1 Old Footprint=SIP5-1.27 New Footprint=HDR1X5
Change Component Footprint: Designator=D2 Old Footprint=SMT_LED_0603 New Footprint=3.2X1.6X1.1
Change Component Footprint: Designator=D3 Old Footprint=SMT_LED_0603 New Footprint=3.2X1.6X1.1
Change Component Footprint: Designator=D5 Old Footprint=SMT_LED_0603 New Footprint=3.2X1.6X1.1
Change Component Comment : Designator=D3 Old Comment=DIN New Comment=LED2
Change Component Comment : Designator=D5 Old Comment=DOUT New Comment=LED2
Change Component Comment : Designator=P2 Old Comment=P_BOTTOM New Comment=Header 5
Change Component Comment : Designator=P3 Old Comment=P_TOP New Comment=Header 5
Change Component Comment : Designator=D2 Old Comment=PWR New Comment=LED2
Change Component Comment : Designator=P1 Old Comment=SWD New Comment=Header 5
Added Room: Name=ST-Link-V2.2
